\BOOKMARK [0][-]{chapter.1}{[cyan]Introduction}{}% 1
\BOOKMARK [1][-]{section.1.1}{[cyan]Research Questions}{chapter.1}% 2
\BOOKMARK [1][-]{section.1.2}{[cyan]Framing}{chapter.1}% 3
\BOOKMARK [1][-]{section.1.3}{[cyan]Space Enabled Principles}{chapter.1}% 4
\BOOKMARK [1][-]{section.1.4}{[cyan]Methodology Summary}{chapter.1}% 5
\BOOKMARK [1][-]{section.1.5}{[cyan]Structure of Thesis}{chapter.1}% 6
\BOOKMARK [0][-]{chapter.2}{[cyan]Motivation, Theory, \046 Critical Analysis}{}% 7
\BOOKMARK [1][-]{section.2.1}{[cyan]Motivation}{chapter.2}% 8
\BOOKMARK [2][-]{subsection.2.1.1}{[cyan]Personal Motivation}{section.2.1}% 9
\BOOKMARK [2][-]{subsection.2.1.2}{[cyan]Why Sustainable Development?}{section.2.1}% 10
\BOOKMARK [3][-]{subsubsection.2.1.2.1}{[cyan]What is Sustainable Development?}{subsection.2.1.2}% 11
\BOOKMARK [3][-]{subsubsection.2.1.2.2}{[cyan]Why is Sustainable Development Important?}{subsection.2.1.2}% 12
\BOOKMARK [3][-]{subsubsection.2.1.2.3}{[cyan]What about the Sustainable Development Goals?}{subsection.2.1.2}% 13
\BOOKMARK [2][-]{subsection.2.1.3}{[cyan]Why Remote Observation Data?}{section.2.1}% 14
\BOOKMARK [2][-]{subsection.2.1.4}{[cyan]Why GIS \046 Decision Support?}{section.2.1}% 15
\BOOKMARK [2][-]{subsection.2.1.5}{[cyan]Why Collaborative \046 Open Source?}{section.2.1}% 16
\BOOKMARK [2][-]{subsection.2.1.6}{[yellow]Why Scenario Planning \046 Decision Support?}{section.2.1}% 17
\BOOKMARK [2][-]{subsection.2.1.7}{[cyan]Why Systems Engineering?}{section.2.1}% 18
\BOOKMARK [1][-]{section.2.2}{[cyan]Critical Analysis}{chapter.2}% 19
\BOOKMARK [2][-]{subsection.2.2.1}{[cyan]Technology is inherently elitist, colonialist, racist, etc.}{section.2.2}% 20
\BOOKMARK [3][-]{subsubsection.2.2.1.1}{[cyan]GIS \046 Mapping}{subsection.2.2.1}% 21
\BOOKMARK [3][-]{subsubsection.2.2.1.2}{[cyan]Technocratic Planning \046 International Development}{subsection.2.2.1}% 22
\BOOKMARK [3][-]{subsubsection.2.2.1.3}{[cyan]Systems Engineering}{subsection.2.2.1}% 23
\BOOKMARK [2][-]{subsection.2.2.2}{[red]Sustainable Development \046 the SDGs}{section.2.2}% 24
\BOOKMARK [2][-]{subsection.2.2.3}{[red]Scenario Planning \046 Decision-Support is unfounded}{section.2.2}% 25
\BOOKMARK [0][-]{chapter.3}{[red]EVDT Framework}{}% 26
\BOOKMARK [1][-]{section.3.1}{[yellow]The Framework}{chapter.3}% 27
\BOOKMARK [2][-]{subsection.3.1.1}{[yellow]System Architecture Framework}{section.3.1}% 28
\BOOKMARK [2][-]{subsection.3.1.2}{[yellow]Collaborative Development}{section.3.1}% 29
\BOOKMARK [2][-]{subsection.3.1.3}{[cyan]EVDT Questions \046 Models}{section.3.1}% 30
\BOOKMARK [2][-]{subsection.3.1.4}{[yellow]Interactive Decision Support System}{section.3.1}% 31
\BOOKMARK [2][-]{subsection.3.1.5}{[yellow]Re-use \046 Community Development}{section.3.1}% 32
\BOOKMARK [1][-]{section.3.2}{[cyan]Intended Applications \046 User Types}{chapter.3}% 33
\BOOKMARK [1][-]{section.3.3}{[cyan]Novelty}{chapter.3}% 34
\BOOKMARK [1][-]{section.3.4}{[red]Development \046 Evaluation}{chapter.3}% 35
\BOOKMARK [1][-]{section.3.5}{[red]Mapping and Visualization}{chapter.3}% 36
\BOOKMARK [0][-]{chapter.4}{[red]Rio de Janeiro Mangroves}{}% 37
\BOOKMARK [1][-]{section.4.1}{[yellow]Study Area \046 Context}{chapter.4}% 38
\BOOKMARK [2][-]{subsection.4.1.1}{[red]Stakeholders}{section.4.1}% 39
\BOOKMARK [1][-]{section.4.2}{[red]Systems Architecture Framework}{chapter.4}% 40
\BOOKMARK [2][-]{subsection.4.2.1}{[red]Interviews}{section.4.2}% 41
\BOOKMARK [2][-]{subsection.4.2.2}{[red]Needs, Outcomes, and Objectives}{section.4.2}% 42
\BOOKMARK [2][-]{subsection.4.2.3}{[red]System Architecture}{section.4.2}% 43
\BOOKMARK [1][-]{section.4.3}{[red]EVDT Application}{chapter.4}% 44
\BOOKMARK [2][-]{subsection.4.3.1}{[red]Environment:}{section.4.3}% 45
\BOOKMARK [2][-]{subsection.4.3.2}{[red]Vulnerability}{section.4.3}% 46
\BOOKMARK [2][-]{subsection.4.3.3}{[red]Decision-making}{section.4.3}% 47
\BOOKMARK [2][-]{subsection.4.3.4}{[red]Technology}{section.4.3}% 48
\BOOKMARK [1][-]{section.4.4}{[red]Decision Support System}{chapter.4}% 49
\BOOKMARK [1][-]{section.4.5}{[red]Evaluation}{chapter.4}% 50
\BOOKMARK [1][-]{section.4.6}{[red]Discussion}{chapter.4}% 51
\BOOKMARK [0][-]{chapter.5}{[red]Vida Decision Support System}{}% 52
\BOOKMARK [1][-]{section.5.1}{[yellow]Study Area \046 Context}{chapter.5}% 53
\BOOKMARK [2][-]{subsection.5.1.1}{[red]Stakeholders}{section.5.1}% 54
\BOOKMARK [1][-]{section.5.2}{[red]Systems Architecture Framework}{chapter.5}% 55
\BOOKMARK [2][-]{subsection.5.2.1}{[red]Interviews}{section.5.2}% 56
\BOOKMARK [2][-]{subsection.5.2.2}{[red]Needs, Outcomes, and Objectives}{section.5.2}% 57
\BOOKMARK [2][-]{subsection.5.2.3}{[red]System Architecture}{section.5.2}% 58
\BOOKMARK [1][-]{section.5.3}{[red]Vida Variant of EVDT}{chapter.5}% 59
\BOOKMARK [2][-]{subsection.5.3.1}{[red]Environment:}{section.5.3}% 60
\BOOKMARK [2][-]{subsection.5.3.2}{[red]Public Health:}{section.5.3}% 61
\BOOKMARK [2][-]{subsection.5.3.3}{[red]Vulnerability}{section.5.3}% 62
\BOOKMARK [2][-]{subsection.5.3.4}{[red]Decision-making}{section.5.3}% 63
\BOOKMARK [2][-]{subsection.5.3.5}{[red]Technology}{section.5.3}% 64
\BOOKMARK [1][-]{section.5.4}{[red]Decision Support System}{chapter.5}% 65
\BOOKMARK [1][-]{section.5.5}{[red]Evaluation}{chapter.5}% 66
\BOOKMARK [1][-]{section.5.6}{[red]Discussion}{chapter.5}% 67
\BOOKMARK [0][-]{chapter.6}{[red]Discussion}{}% 68
\BOOKMARK [1][-]{section.6.1}{[red]Lessons Learned}{chapter.6}% 69
\BOOKMARK [1][-]{section.6.2}{[red]The Future of EVDT}{chapter.6}% 70
\BOOKMARK [0][-]{chapter.7}{[red]Conclusion}{}% 71
\BOOKMARK [1][-]{section.7.1}{[red]Research Questions}{chapter.7}% 72
\BOOKMARK [0][-]{appendix.A}{[yellow]Glossary}{}% 73
