This is pdfTeX, Version 3.141592653-2.6-1.40.22 (TeX Live 2022/dev/Debian) (preloaded format=pdflatex 2022.7.18)  4 SEP 2022 19:08
entering extended mode
 restricted \write18 enabled.
 %&-line parsing enabled.
**main.tex
(./main.tex
LaTeX2e <2021-11-15> patch level 1
L3 programming layer <2022-01-21> (./mitthesis.cls
Document Class: mitthesis 1999/10/20
\vithesis=\count185
Single spaced
(/usr/share/texlive/texmf-dist/tex/latex/base/report.cls
Document Class: report 2021/10/04 v1.4n Standard LaTeX document class
(/usr/share/texlive/texmf-dist/tex/latex/base/size12.clo
File: size12.clo 2021/10/04 v1.4n Standard LaTeX file (size option)
)
\c@part=\count186
\c@chapter=\count187
\c@section=\count188
\c@subsection=\count189
\c@subsubsection=\count190
\c@paragraph=\count191
\c@subparagraph=\count192
\c@figure=\count193
\c@table=\count194
\abovecaptionskip=\skip47
\belowcaptionskip=\skip48
\bibindent=\dimen138
)
(/usr/share/texlive/texmf-dist/tex/latex/setspace/setspace.sty
Package: setspace 2011/12/19 v6.7a set line spacing
)
Thesis document copyright MIT unless otherwise (manually) specified
\@titlesupervisor=\box50
\@abstractsupervisor=\box51
\c@savepage=\count195
) (./lgrind.sty
Package: lgrind 1997/01/30 v3.4 LGrind environment and supporting stuff
\lc@unt=\count196
\ln@xt=\count197
\LGnuminterval=\count198
\LGindent=\skip49
\LGsloppy=\skip50
\procbox=\box52
\ls@far=\box53
\tb@x=\box54
\TBw@d=\dimen139
\@ts=\dimen140
) (/usr/share/texlive/texmf-dist/tex/latex/cmap/cmap.sty
Package: cmap 2021/02/06 v1.0j CMap support: searchable PDF
)
(/usr/share/texlive/texmf-dist/tex/latex/base/fontenc.sty
Package: fontenc 2021/04/29 v2.0v Standard LaTeX package
<<t1.cmap>>)
(/usr/share/texlive/texmf-dist/tex/latex/geometry/geometry.sty
Package: geometry 2020/01/02 v5.9 Page Geometry

(/usr/share/texlive/texmf-dist/tex/latex/graphics/keyval.sty
Package: keyval 2014/10/28 v1.15 key=value parser (DPC)
\KV@toks@=\toks16
)
(/usr/share/texlive/texmf-dist/tex/generic/iftex/ifvtex.sty
Package: ifvtex 2019/10/25 v1.7 ifvtex legacy package. Use iftex instead.

(/usr/share/texlive/texmf-dist/tex/generic/iftex/iftex.sty
Package: iftex 2020/03/06 v1.0d TeX engine tests
))
\Gm@cnth=\count199
\Gm@cntv=\count266
\c@Gm@tempcnt=\count267
\Gm@bindingoffset=\dimen141
\Gm@wd@mp=\dimen142
\Gm@odd@mp=\dimen143
\Gm@even@mp=\dimen144
\Gm@layoutwidth=\dimen145
\Gm@layoutheight=\dimen146
\Gm@layouthoffset=\dimen147
\Gm@layoutvoffset=\dimen148
\Gm@dimlist=\toks17
)
(/usr/share/texlive/texmf-dist/tex/latex/pdflscape/pdflscape.sty
Package: pdflscape 2019/12/05 v0.12 Display of landscape pages in PDF (HO)

(/usr/share/texlive/texmf-dist/tex/latex/graphics/lscape.sty
Package: lscape 2020/05/28 v3.02 Landscape Pages (DPC)

(/usr/share/texlive/texmf-dist/tex/latex/graphics/graphics.sty
Package: graphics 2021/03/04 v1.4d Standard LaTeX Graphics (DPC,SPQR)

(/usr/share/texlive/texmf-dist/tex/latex/graphics/trig.sty
Package: trig 2021/08/11 v1.11 sin cos tan (DPC)
)
(/usr/share/texlive/texmf-dist/tex/latex/graphics-cfg/graphics.cfg
File: graphics.cfg 2016/06/04 v1.11 sample graphics configuration
)
Package graphics Info: Driver file: pdftex.def on input line 107.

(/usr/share/texlive/texmf-dist/tex/latex/graphics-def/pdftex.def
File: pdftex.def 2020/10/05 v1.2a Graphics/color driver for pdftex
)))
Package pdflscape Info: Auto-detected driver: pdftex on input line 81.
)
(/usr/share/texlive/texmf-dist/tex/latex/float/float.sty
Package: float 2001/11/08 v1.3d Float enhancements (AL)
\c@float@type=\count268
\float@exts=\toks18
\float@box=\box55
\@float@everytoks=\toks19
\@floatcapt=\box56
)
(/usr/share/texlive/texmf-dist/tex/latex/graphics/graphicx.sty
Package: graphicx 2021/09/16 v1.2d Enhanced LaTeX Graphics (DPC,SPQR)
\Gin@req@height=\dimen149
\Gin@req@width=\dimen150
)
(/usr/share/texlive/texmf-dist/tex/latex/acronym/acronym.sty
Package: acronym 2020/04/17 v1.47 Support for acronyms (Tobias Oetiker)

(/usr/share/texlive/texmf-dist/tex/latex/bigfoot/suffix.sty
Package: suffix 2006/07/15 1.5a Variant command support
)
(/usr/share/texlive/texmf-dist/tex/generic/xstring/xstring.sty
(/usr/share/texlive/texmf-dist/tex/generic/xstring/xstring.tex
\integerpart=\count269
\decimalpart=\count270
)
Package: xstring 2021/07/21 v1.84 String manipulations (CT)
)
\AC@clearlist=\toks20
)
(/usr/share/texlive/texmf-dist/tex/latex/tools/array.sty
Package: array 2021/10/04 v2.5f Tabular extension package (FMi)
\col@sep=\dimen151
\ar@mcellbox=\box57
\extrarowheight=\dimen152
\NC@list=\toks21
\extratabsurround=\skip51
\backup@length=\skip52
\ar@cellbox=\box58
)
(/usr/share/texlive/texmf-dist/tex/latex/graphics/rotating.sty
Package: rotating 2016/08/11 v2.16d rotated objects in LaTeX

(/usr/share/texlive/texmf-dist/tex/latex/base/ifthen.sty
Package: ifthen 2020/11/24 v1.1c Standard LaTeX ifthen package (DPC)
)
\c@r@tfl@t=\count271
\rotFPtop=\skip53
\rotFPbot=\skip54
\rot@float@box=\box59
\rot@mess@toks=\toks22
)
(/usr/share/texlive/texmf-dist/tex/latex/csquotes/csquotes.sty
Package: csquotes 2021-02-22 v5.2l context-sensitive quotations (JAW)

(/usr/share/texlive/texmf-dist/tex/latex/etoolbox/etoolbox.sty
Package: etoolbox 2020/10/05 v2.5k e-TeX tools for LaTeX (JAW)
\etb@tempcnta=\count272
)
\csq@reset=\count273
\csq@gtype=\count274
\csq@glevel=\count275
\csq@qlevel=\count276
\csq@maxlvl=\count277
\csq@tshold=\count278
\csq@ltx@everypar=\toks23

(/usr/share/texlive/texmf-dist/tex/latex/csquotes/csquotes.def
File: csquotes.def 2021-02-22 v5.2l csquotes generic definitions (JAW)
)
Package csquotes Info: Trying to load configuration file 'csquotes.cfg'...
Package csquotes Info: ... configuration file loaded successfully.

(/usr/share/texlive/texmf-dist/tex/latex/csquotes/csquotes.cfg
File: csquotes.cfg 
))
(/usr/share/texlive/texmf-dist/tex/generic/soul/soul.sty
Package: soul 2003/11/17 v2.4 letterspacing/underlining (mf)
\SOUL@word=\toks24
\SOUL@lasttoken=\toks25
\SOUL@cmds=\toks26
\SOUL@buffer=\toks27
\SOUL@token=\toks28
\SOUL@spaceskip=\skip55
\SOUL@ttwidth=\dimen153
\SOUL@uldp=\dimen154
\SOUL@ulht=\dimen155
)
(/usr/share/texlive/texmf-dist/tex/latex/graphics/color.sty
Package: color 2021/12/07 v1.3c Standard LaTeX Color (DPC)

(/usr/share/texlive/texmf-dist/tex/latex/graphics-cfg/color.cfg
File: color.cfg 2016/01/02 v1.6 sample color configuration
)
Package color Info: Driver file: pdftex.def on input line 149.
)
(/usr/share/texlive/texmf-dist/tex/latex/xcolor/xcolor.sty
Package: xcolor 2021/10/31 v2.13 LaTeX color extensions (UK)

(/usr/share/texlive/texmf-dist/tex/latex/graphics-cfg/color.cfg
File: color.cfg 2016/01/02 v1.6 sample color configuration
)
Package xcolor Info: Package option `usenames' ignored on input line 218.
Package xcolor Info: Driver file: pdftex.def on input line 227.

(/usr/share/texlive/texmf-dist/tex/latex/colortbl/colortbl.sty
Package: colortbl 2020/01/04 v1.0e Color table columns (DPC)
\everycr=\toks29
\minrowclearance=\skip56
)
LaTeX Info: Redefining \color on input line 711.
\rownum=\count279
Package xcolor Info: Model `cmy' substituted by `cmy0' on input line 1352.
Package xcolor Info: Model `hsb' substituted by `rgb' on input line 1356.
Package xcolor Info: Model `RGB' extended on input line 1368.
Package xcolor Info: Model `HTML' substituted by `rgb' on input line 1370.
Package xcolor Info: Model `Hsb' substituted by `hsb' on input line 1371.
Package xcolor Info: Model `tHsb' substituted by `hsb' on input line 1372.
Package xcolor Info: Model `HSB' substituted by `hsb' on input line 1373.
Package xcolor Info: Model `Gray' substituted by `gray' on input line 1374.
Package xcolor Info: Model `wave' substituted by `hsb' on input line 1375.

(/usr/share/texlive/texmf-dist/tex/latex/graphics/dvipsnam.def
File: dvipsnam.def 2016/06/17 v3.0m Driver-dependent file (DPC,SPQR)
))
(/usr/share/texlive/texmf-dist/tex/latex/natbib/natbib.sty
Package: natbib 2010/09/13 8.31b (PWD, AO)
\bibhang=\skip57
\bibsep=\skip58
LaTeX Info: Redefining \cite on input line 694.
\c@NAT@ctr=\count280
)
(/usr/share/texlive/texmf-dist/tex/latex/hyperref/hyperref.sty
Package: hyperref 2021-06-07 v7.00m Hypertext links for LaTeX

(/usr/share/texlive/texmf-dist/tex/generic/ltxcmds/ltxcmds.sty
Package: ltxcmds 2020-05-10 v1.25 LaTeX kernel commands for general use (HO)
)
(/usr/share/texlive/texmf-dist/tex/generic/pdftexcmds/pdftexcmds.sty
Package: pdftexcmds 2020-06-27 v0.33 Utility functions of pdfTeX for LuaTeX (HO
)

(/usr/share/texlive/texmf-dist/tex/generic/infwarerr/infwarerr.sty
Package: infwarerr 2019/12/03 v1.5 Providing info/warning/error messages (HO)
)
Package pdftexcmds Info: \pdf@primitive is available.
Package pdftexcmds Info: \pdf@ifprimitive is available.
Package pdftexcmds Info: \pdfdraftmode found.
)
(/usr/share/texlive/texmf-dist/tex/generic/kvsetkeys/kvsetkeys.sty
Package: kvsetkeys 2019/12/15 v1.18 Key value parser (HO)
)
(/usr/share/texlive/texmf-dist/tex/generic/kvdefinekeys/kvdefinekeys.sty
Package: kvdefinekeys 2019-12-19 v1.6 Define keys (HO)
)
(/usr/share/texlive/texmf-dist/tex/generic/pdfescape/pdfescape.sty
Package: pdfescape 2019/12/09 v1.15 Implements pdfTeX's escape features (HO)
)
(/usr/share/texlive/texmf-dist/tex/latex/hycolor/hycolor.sty
Package: hycolor 2020-01-27 v1.10 Color options for hyperref/bookmark (HO)
)
(/usr/share/texlive/texmf-dist/tex/latex/letltxmacro/letltxmacro.sty
Package: letltxmacro 2019/12/03 v1.6 Let assignment for LaTeX macros (HO)
)
(/usr/share/texlive/texmf-dist/tex/latex/auxhook/auxhook.sty
Package: auxhook 2019-12-17 v1.6 Hooks for auxiliary files (HO)
)
(/usr/share/texlive/texmf-dist/tex/latex/kvoptions/kvoptions.sty
Package: kvoptions 2020-10-07 v3.14 Key value format for package options (HO)
)
\@linkdim=\dimen156
\Hy@linkcounter=\count281
\Hy@pagecounter=\count282

(/usr/share/texlive/texmf-dist/tex/latex/hyperref/pd1enc.def
File: pd1enc.def 2021-06-07 v7.00m Hyperref: PDFDocEncoding definition (HO)
Now handling font encoding PD1 ...
... no UTF-8 mapping file for font encoding PD1
)
(/usr/share/texlive/texmf-dist/tex/latex/hyperref/hyperref-langpatches.def
File: hyperref-langpatches.def 2021-06-07 v7.00m Hyperref: patches for babel la
nguages
)
(/usr/share/texlive/texmf-dist/tex/generic/intcalc/intcalc.sty
Package: intcalc 2019/12/15 v1.3 Expandable calculations with integers (HO)
)
(/usr/share/texlive/texmf-dist/tex/generic/etexcmds/etexcmds.sty
Package: etexcmds 2019/12/15 v1.7 Avoid name clashes with e-TeX commands (HO)
)
\Hy@SavedSpaceFactor=\count283

(/usr/share/texlive/texmf-dist/tex/latex/hyperref/puenc.def
File: puenc.def 2021-06-07 v7.00m Hyperref: PDF Unicode definition (HO)
Now handling font encoding PU ...
... no UTF-8 mapping file for font encoding PU
)
Package hyperref Info: Hyper figures OFF on input line 4192.
Package hyperref Info: Link nesting OFF on input line 4197.
Package hyperref Info: Hyper index ON on input line 4200.
Package hyperref Info: Plain pages OFF on input line 4207.
Package hyperref Info: Backreferencing OFF on input line 4212.
Package hyperref Info: Implicit mode ON; LaTeX internals redefined.
Package hyperref Info: Bookmarks ON on input line 4445.
\c@Hy@tempcnt=\count284

(/usr/share/texlive/texmf-dist/tex/latex/url/url.sty
\Urlmuskip=\muskip16
Package: url 2013/09/16  ver 3.4  Verb mode for urls, etc.
)
LaTeX Info: Redefining \url on input line 4804.
\XeTeXLinkMargin=\dimen157

(/usr/share/texlive/texmf-dist/tex/generic/bitset/bitset.sty
Package: bitset 2019/12/09 v1.3 Handle bit-vector datatype (HO)

(/usr/share/texlive/texmf-dist/tex/generic/bigintcalc/bigintcalc.sty
Package: bigintcalc 2019/12/15 v1.5 Expandable calculations on big integers (HO
)
))
\Fld@menulength=\count285
\Field@Width=\dimen158
\Fld@charsize=\dimen159
Package hyperref Info: Hyper figures OFF on input line 6076.
Package hyperref Info: Link nesting OFF on input line 6081.
Package hyperref Info: Hyper index ON on input line 6084.
Package hyperref Info: backreferencing OFF on input line 6091.
Package hyperref Info: Link coloring OFF on input line 6096.
Package hyperref Info: Link coloring with OCG OFF on input line 6101.
Package hyperref Info: PDF/A mode OFF on input line 6106.
LaTeX Info: Redefining \ref on input line 6146.
LaTeX Info: Redefining \pageref on input line 6150.

(/usr/share/texlive/texmf-dist/tex/latex/base/atbegshi-ltx.sty
Package: atbegshi-ltx 2021/01/10 v1.0c Emulation of the original atbegshi
package with kernel methods
)
\Hy@abspage=\count286
\c@Item=\count287
\c@Hfootnote=\count288
)
Package hyperref Info: Driver (autodetected): hpdftex.

(/usr/share/texlive/texmf-dist/tex/latex/hyperref/hpdftex.def
File: hpdftex.def 2021-06-07 v7.00m Hyperref driver for pdfTeX

(/usr/share/texlive/texmf-dist/tex/latex/base/atveryend-ltx.sty
Package: atveryend-ltx 2020/08/19 v1.0a Emulation of the original atveryend pac
kage
with kernel methods
)
\Fld@listcount=\count289
\c@bookmark@seq@number=\count290

(/usr/share/texlive/texmf-dist/tex/latex/rerunfilecheck/rerunfilecheck.sty
Package: rerunfilecheck 2019/12/05 v1.9 Rerun checks for auxiliary files (HO)

(/usr/share/texlive/texmf-dist/tex/generic/uniquecounter/uniquecounter.sty
Package: uniquecounter 2019/12/15 v1.4 Provide unlimited unique counter (HO)
)
Package uniquecounter Info: New unique counter `rerunfilecheck' on input line 2
86.
)
\Hy@SectionHShift=\skip59
)
Package hyperref Info: Option `colorlinks' set `true' on input line 61.

(/usr/share/texlive/texmf-dist/tex/latex/enumitem/enumitem.sty
Package: enumitem 2019/06/20 v3.9 Customized lists
\labelindent=\skip60
\enit@outerparindent=\dimen160
\enit@toks=\toks30
\enit@inbox=\box60
\enit@count@id=\count291
\enitdp@description=\count292
)
(/usr/share/texlive/texmf-dist/tex/latex/tools/multicol.sty
Package: multicol 2021/10/28 v1.9b multicolumn formatting (FMi)
\c@tracingmulticols=\count293
\mult@box=\box61
\multicol@leftmargin=\dimen161
\c@unbalance=\count294
\c@collectmore=\count295
\doublecol@number=\count296
\multicoltolerance=\count297
\multicolpretolerance=\count298
\full@width=\dimen162
\page@free=\dimen163
\premulticols=\dimen164
\postmulticols=\dimen165
\multicolsep=\skip61
\multicolbaselineskip=\skip62
\partial@page=\box62
\last@line=\box63
\maxbalancingoverflow=\dimen166
\mult@rightbox=\box64
\mult@grightbox=\box65
\mult@firstbox=\box66
\mult@gfirstbox=\box67
\@tempa=\box68
\@tempa=\box69
\@tempa=\box70
\@tempa=\box71
\@tempa=\box72
\@tempa=\box73
\@tempa=\box74
\@tempa=\box75
\@tempa=\box76
\@tempa=\box77
\@tempa=\box78
\@tempa=\box79
\@tempa=\box80
\@tempa=\box81
\@tempa=\box82
\@tempa=\box83
\@tempa=\box84
\@tempa=\box85
\@tempa=\box86
\@tempa=\box87
\@tempa=\box88
\@tempa=\box89
\@tempa=\box90
\@tempa=\box91
\@tempa=\box92
\@tempa=\box93
\@tempa=\box94
\@tempa=\box95
\@tempa=\box96
\@tempa=\box97
\@tempa=\box98
\@tempa=\box99
\@tempa=\box100
\@tempa=\box101
\@tempa=\box102
\@tempa=\box103
\c@minrows=\count299
\c@columnbadness=\count300
\c@finalcolumnbadness=\count301
\last@try=\dimen167
\multicolovershoot=\dimen168
\multicolundershoot=\dimen169
\mult@nat@firstbox=\box104
\colbreak@box=\box105
\mc@col@check@num=\count302
)
(/usr/share/texlive/texmf-dist/tex/latex/multirow/multirow.sty
Package: multirow 2021/03/15 v2.8 Span multiple rows of a table
\multirow@colwidth=\skip63
\multirow@cntb=\count303
\multirow@dima=\skip64
\bigstrutjot=\dimen170
)
Package csquotes Info: Checking for multilingual support...
Package csquotes Info: ... none found.

(/usr/share/texlive/texmf-dist/tex/latex/l3backend/l3backend-pdftex.def
File: l3backend-pdftex.def 2022-01-12 L3 backend support: PDF output (pdfTeX)
\l__color_backend_stack_int=\count304
\l__pdf_internal_box=\box106
)
(./main.aux (./cover.aux) (./contents.aux) (./chap1.aux) (./chap2.aux)
(./chap3.aux) (./chap4.aux) (./chap5.aux) (./chap6.aux) (./chap7.aux)
(./appa.aux) (./biblio.aux))
\openout1 = `main.aux'.

LaTeX Font Info:    Checking defaults for OML/cmm/m/it on input line 104.
LaTeX Font Info:    ... okay on input line 104.
LaTeX Font Info:    Checking defaults for OMS/cmsy/m/n on input line 104.
LaTeX Font Info:    ... okay on input line 104.
LaTeX Font Info:    Checking defaults for OT1/cmr/m/n on input line 104.
LaTeX Font Info:    ... okay on input line 104.
LaTeX Font Info:    Checking defaults for T1/cmr/m/n on input line 104.
LaTeX Font Info:    ... okay on input line 104.
LaTeX Font Info:    Checking defaults for TS1/cmr/m/n on input line 104.
LaTeX Font Info:    ... okay on input line 104.
LaTeX Font Info:    Checking defaults for OMX/cmex/m/n on input line 104.
LaTeX Font Info:    ... okay on input line 104.
LaTeX Font Info:    Checking defaults for U/cmr/m/n on input line 104.
LaTeX Font Info:    ... okay on input line 104.
LaTeX Font Info:    Checking defaults for PD1/pdf/m/n on input line 104.
LaTeX Font Info:    ... okay on input line 104.
LaTeX Font Info:    Checking defaults for PU/pdf/m/n on input line 104.
LaTeX Font Info:    ... okay on input line 104.

*geometry* driver: auto-detecting
*geometry* detected driver: pdftex
*geometry* verbose mode - [ preamble ] result:
* driver: pdftex
* paper: <default>
* layout: <same size as paper>
* layoutoffset:(h,v)=(0.0pt,0.0pt)
* modes: twoside 
* h-part:(L,W,R)=(73.71613pt, 430.00462pt, 110.57425pt)
* v-part:(T,H,B)=(95.39737pt, 556.47656pt, 143.09605pt)
* \paperwidth=614.295pt
* \paperheight=794.96999pt
* \textwidth=430.00462pt
* \textheight=556.47656pt
* \oddsidemargin=1.44614pt
* \evensidemargin=38.30426pt
* \topmargin=-13.87262pt
* \headheight=12.0pt
* \headsep=25.0pt
* \topskip=12.0pt
* \footskip=30.0pt
* \marginparwidth=95.0pt
* \marginparsep=10.0pt
* \columnsep=10.0pt
* \skip\footins=10.8pt plus 4.0pt minus 2.0pt
* \hoffset=0.0pt
* \voffset=0.0pt
* \mag=1000
* \@twocolumnfalse
* \@twosidetrue
* \@mparswitchtrue
* \@reversemarginfalse
* (1in=72.27pt=25.4mm, 1cm=28.453pt)

(/usr/share/texlive/texmf-dist/tex/context/base/mkii/supp-pdf.mkii
[Loading MPS to PDF converter (version 2006.09.02).]
\scratchcounter=\count305
\scratchdimen=\dimen171
\scratchbox=\box107
\nofMPsegments=\count306
\nofMParguments=\count307
\everyMPshowfont=\toks31
\MPscratchCnt=\count308
\MPscratchDim=\dimen172
\MPnumerator=\count309
\makeMPintoPDFobject=\count310
\everyMPtoPDFconversion=\toks32
) (/usr/share/texlive/texmf-dist/tex/latex/epstopdf-pkg/epstopdf-base.sty
Package: epstopdf-base 2020-01-24 v2.11 Base part for package epstopdf
Package epstopdf-base Info: Redefining graphics rule for `.eps' on input line 4
85.

(/usr/share/texlive/texmf-dist/tex/latex/latexconfig/epstopdf-sys.cfg
File: epstopdf-sys.cfg 2010/07/13 v1.3 Configuration of (r)epstopdf for TeX Liv
e
))
Package hyperref Info: Link coloring ON on input line 104.

(/usr/share/texlive/texmf-dist/tex/latex/hyperref/nameref.sty
Package: nameref 2021-04-02 v2.47 Cross-referencing by name of section

(/usr/share/texlive/texmf-dist/tex/latex/refcount/refcount.sty
Package: refcount 2019/12/15 v3.6 Data extraction from label references (HO)
)
(/usr/share/texlive/texmf-dist/tex/generic/gettitlestring/gettitlestring.sty
Package: gettitlestring 2019/12/15 v1.6 Cleanup title references (HO)
)
\c@section@level=\count311
)
LaTeX Info: Redefining \ref on input line 104.
LaTeX Info: Redefining \pageref on input line 104.
LaTeX Info: Redefining \nameref on input line 104.

(./main.out) (./main.out)
\@outlinefile=\write3
\openout3 = `main.out'.

\openout2 = `cover.aux'.

 (./cover.tex [1



{/var/lib/texmf/fonts/map/pdftex/updmap/pdftex.map}] [2

] (./abstract.tex
Package acronym Info: Label `acro:gis' newly defined as it shall be overridden
although it is yet undefined on input line 13.
Package acronym Info: Label `acro:dss' newly defined as it shall be overridden
although it is yet undefined on input line 13.
Package acronym Info: Label `acro:evdt' newly defined as it shall be overridden

although it is yet undefined on input line 17.
 [3

]) [4] [5

] [6

]
Package acronym Info: Label `acro:ipp' newly defined as it shall be overridden
although it is yet undefined on input line 153.
 [7]
Package acronym Info: Label `acro:mit' newly defined as it shall be overridden
although it is yet undefined on input line 159.
Package acronym Info: Label `acro:ipac' newly defined as it shall be overridden

although it is yet undefined on input line 159.
Package acronym Info: Label `acro:aises' newly defined as it shall be overridde
n
although it is yet undefined on input line 159.
<<ot1.cmap>><<oml.cmap>><<oms.cmap>>
LaTeX Font Info:    External font `cmex10' loaded for size
(Font)              <12> on input line 159.
<<omx.cmap>>
LaTeX Font Info:    External font `cmex10' loaded for size
(Font)              <8> on input line 159.
LaTeX Font Info:    External font `cmex10' loaded for size
(Font)              <6> on input line 159.
LaTeX Font Info:    External font `cmex10' loaded for size
(Font)              <7> on input line 159.
LaTeX Font Info:    External font `cmex10' loaded for size
(Font)              <5> on input line 159.
Package acronym Info: Label `acro:nasa' newly defined as it shall be overridden

although it is yet undefined on input line 159.
) [8]
\openout2 = `contents.aux'.

 (./contents.tex (./main.toc [9




] [10])
\tf@toc=\write4
\openout4 = `main.toc'.

 [11]
[12

] (./main.lof
Package acronym Info: Label `acro:saf' newly defined as it shall be overridden
although it is yet undefined on input line 16.
)
\tf@lof=\write5
\openout5 = `main.lof'.

 [13] [14

] (./main.lot)
\tf@lot=\write6
\openout6 = `main.lot'.

 [15] [16

]

LaTeX Warning: Hyper reference `acro:cpr' on page 17 undefined on input line 35
.


LaTeX Warning: Hyper reference `acro:cpr' on page 17 undefined on input line 35
.


Underfull \vbox (badness 6284) has occurred while \output is active []

 [17])
[18]
\openout2 = `chap1.aux'.

 (./chap1.tex
Chapter 1.

Package hyperref Warning: Token not allowed in a PDF string (Unicode):
(hyperref)                removing `\hlc' on input line 7.

Package acronym Info: Label `acro:eos' newly defined as it shall be overridden
although it is yet undefined on input line 8.
Package acronym Info: Label `acro:eo' newly defined as it shall be overridden
although it is yet undefined on input line 8.
Package acronym Info: Label `acro:ngo' newly defined as it shall be overridden
although it is yet undefined on input line 8.
[19




]

Package hyperref Warning: Token not allowed in a PDF string (Unicode):
(hyperref)                removing `\hlc' on input line 14.

Package acronym Info: Label `acro:sets' newly defined as it shall be overridden

although it is yet undefined on input line 19.
[20]

Package hyperref Warning: Token not allowed in a PDF string (Unicode):
(hyperref)                removing `\hlc' on input line 39.

[21]

Package hyperref Warning: Token not allowed in a PDF string (Unicode):
(hyperref)                removing `\hlc' on input line 56.

Package acronym Info: Label `acro:un' newly defined as it shall be overridden
although it is yet undefined on input line 58.
Package acronym Info: Label `acro:sdg' newly defined as it shall be overridden
although it is yet undefined on input line 58.
[22]

Package hyperref Warning: Token not allowed in a PDF string (Unicode):
(hyperref)                removing `\hlc' on input line 62.

[23]

Package hyperref Warning: Token not allowed in a PDF string (Unicode):
(hyperref)                removing `\hlc' on input line 66.

) [24]
\openout2 = `chap2.aux'.

 (./chap2.tex
Chapter 2.

Package hyperref Warning: Token not allowed in a PDF string (Unicode):
(hyperref)                removing `\hlc' on input line 7.


Package hyperref Warning: Token not allowed in a PDF string (Unicode):
(hyperref)                removing `\hlc' on input line 11.


Package hyperref Warning: Token not allowed in a PDF string (Unicode):
(hyperref)                removing `\hlc' on input line 15.

[25




] [26]

Package hyperref Warning: Token not allowed in a PDF string (Unicode):
(hyperref)                removing `\hlc' on input line 29.


Package hyperref Warning: Token not allowed in a PDF string (Unicode):
(hyperref)                removing `\hlc' on input line 33.

[27]

Package hyperref Warning: Token not allowed in a PDF string (Unicode):
(hyperref)                removing `\hlc' on input line 48.

[28]
<Figures/chap2/Planetary_Boundaries.png, id=969, 739.76375pt x 594.22pt>
File: Figures/chap2/Planetary_Boundaries.png Graphic file (type png)
<use Figures/chap2/Planetary_Boundaries.png>
Package pdftex.def Info: Figures/chap2/Planetary_Boundaries.png  used on input 
line 54.
(pdftex.def)             Requested size: 295.90025pt x 237.68379pt.
<Figures/chap2/vulnerability_map.jpg, id=973, 247.50662pt x 148.40729pt>
File: Figures/chap2/vulnerability_map.jpg Graphic file (type jpg)
<use Figures/chap2/vulnerability_map.jpg>
Package pdftex.def Info: Figures/chap2/vulnerability_map.jpg  used on input lin
e 63.
(pdftex.def)             Requested size: 420.75943pt x 252.2913pt.


LaTeX Warning: `h' float specifier changed to `ht'.


Overfull \hbox (4.73355pt too wide) in paragraph at lines 77--77
 \T1/cmr/m/n/6 Caribbean| 
 []


LaTeX Warning: `h' float specifier changed to `ht'.

[29 <./Figures/chap2/Planetary_Boundaries.png>] [30 <./Figures/chap2/vulnerabil
ity_map.jpg>]
<Figures/chap2/services_wellbeing.png, id=1001, 1052.93375pt x 750.805pt>
File: Figures/chap2/services_wellbeing.png Graphic file (type png)
<use Figures/chap2/services_wellbeing.png>
Package pdftex.def Info: Figures/chap2/services_wellbeing.png  used on input li
ne 109.
(pdftex.def)             Requested size: 368.53233pt x 262.78568pt.


LaTeX Warning: `h' float specifier changed to `ht'.

Package acronym Info: Label `acro:sts' newly defined as it shall be overridden
although it is yet undefined on input line 114.
Package acronym Info: Label `acro:ses' newly defined as it shall be overridden
although it is yet undefined on input line 114.

Package hyperref Warning: Token not allowed in a PDF string (Unicode):
(hyperref)                removing `\hlc' on input line 116.

Package acronym Info: Label `acro:mdg' newly defined as it shall be overridden
although it is yet undefined on input line 118.

Underfull \vbox (badness 10000) has occurred while \output is active []

 [31]
[32 <./Figures/chap2/services_wellbeing.png>]
<Figures/chap2/SDG.png, id=1055, 1374.13374pt x 846.16125pt>
File: Figures/chap2/SDG.png Graphic file (type png)
<use Figures/chap2/SDG.png>
Package pdftex.def Info: Figures/chap2/SDG.png  used on input line 138.
(pdftex.def)             Requested size: 343.5326pt x 211.5398pt.


LaTeX Warning: `h' float specifier changed to `ht'.

[33]

Package hyperref Warning: Token not allowed in a PDF string (Unicode):
(hyperref)                removing `\hlc' on input line 152.

Package acronym Info: Label `acro:esa' newly defined as it shall be overridden
although it is yet undefined on input line 155.
Package acronym Info: Label `acro:jaxa' newly defined as it shall be overridden

although it is yet undefined on input line 155.
Package acronym Info: Label `acro:eoc' newly defined as it shall be overridden
although it is yet undefined on input line 155.
Package acronym Info: Label `acro:cbers' newly defined as it shall be overridde
n
although it is yet undefined on input line 155.
Package acronym Info: Label `acro:ostp' newly defined as it shall be overridden

although it is yet undefined on input line 155.
Package acronym Info: Label `acro:epa' newly defined as it shall be overridden
although it is yet undefined on input line 155.
Package acronym Info: Label `acro:ota' newly defined as it shall be overridden
although it is yet undefined on input line 155.
[34 <./Figures/chap2/SDG.png>] [35]
Package acronym Info: Label `acro:modis' newly defined as it shall be overridde
n
although it is yet undefined on input line 171.
Package acronym Info: Label `acro:viirs' newly defined as it shall be overridde
n
although it is yet undefined on input line 171.
Package acronym Info: Label `acro:sar' newly defined as it shall be overridden
although it is yet undefined on input line 171.
Package acronym Info: Label `acro:gpm' newly defined as it shall be overridden
although it is yet undefined on input line 171.
Package acronym Info: Label `acro:icesat2' newly defined as it shall be overrid
den
although it is yet undefined on input line 171.
 [36]
Package acronym Info: Label `acro:geo' newly defined as it shall be overridden
although it is yet undefined on input line 173.
Package acronym Info: Label `acro:geoss' newly defined as it shall be overridde
n
although it is yet undefined on input line 173.
LaTeX Font Info:    Trying to load font information for T1+cmtt on input line 1
73.

(/usr/share/texlive/texmf-dist/tex/latex/base/t1cmtt.fd
File: t1cmtt.fd 2019/12/16 v2.5j Standard LaTeX font definitions
)
Package acronym Info: Label `acro:ceos' newly defined as it shall be overridden

although it is yet undefined on input line 173.
Package acronym Info: Label `acro:usgs' newly defined as it shall be overridden

although it is yet undefined on input line 173.
Package acronym Info: Label `acro:noaa' newly defined as it shall be overridden

although it is yet undefined on input line 173.
Package acronym Info: Label `acro:usaid' newly defined as it shall be overridde
n
although it is yet undefined on input line 173.
Package acronym Info: Label `acro:servir' newly defined as it shall be overridd
en
although it is yet undefined on input line 173.
Package acronym Info: Label `acro:fews' newly defined as it shall be overridden

although it is yet undefined on input line 173.
Package acronym Info: Label `acro:fema' newly defined as it shall be overridden

although it is yet undefined on input line 175.
 [37]
Overfull \hbox (3.42514pt too wide) in paragraph at lines 177--178
[]\T1/cmr/m/n/12 These de-vel-op-ments have pow-er-ful im-pli-ca-tions for eq-u
ity. "The ge-og-ra-phy agenda
 []

Package acronym Info: Label `acro:valuables' newly defined as it shall be overr
idden
although it is yet undefined on input line 179.
Package acronym Info: Label `acro:rff' newly defined as it shall be overridden
although it is yet undefined on input line 179.

Underfull \vbox (badness 6332) has occurred while \output is active []

 [38]

Package hyperref Warning: Token not allowed in a PDF string (Unicode):
(hyperref)                removing `\hlc' on input line 184.

Package acronym Info: Label `acro:gisc' newly defined as it shall be overridden

although it is yet undefined on input line 186.
[39]
<Figures/chap2/GIScience.png, id=1264, 932.48375pt x 829.0975pt>
File: Figures/chap2/GIScience.png Graphic file (type png)
<use Figures/chap2/GIScience.png>
Package pdftex.def Info: Figures/chap2/GIScience.png  used on input line 193.
(pdftex.def)             Requested size: 372.9869pt x 331.63313pt.
 [40 <./Figures/chap2/GIScience.png>]
<Figures/chap2/GISMarketplace.png, id=1290, 816.04875pt x 714.67pt>
File: Figures/chap2/GISMarketplace.png Graphic file (type png)
<use Figures/chap2/GISMarketplace.png>
Package pdftex.def Info: Figures/chap2/GISMarketplace.png  used on input line 2
07.
(pdftex.def)             Requested size: 326.41371pt x 285.86293pt.


LaTeX Warning: `h' float specifier changed to `ht'.


Package hyperref Warning: Token not allowed in a PDF string (Unicode):
(hyperref)                removing `\hlc' on input line 212.

[41]
<Figures/chap2/east2.jpg, id=1310, 1084.05pt x 505.89pt>
File: Figures/chap2/east2.jpg Graphic file (type jpg)
<use Figures/chap2/east2.jpg>
Package pdftex.def Info: Figures/chap2/east2.jpg  used on input line 218.
(pdftex.def)             Requested size: 433.61232pt x 202.3524pt.

Overfull \hbox (3.6077pt too wide) in paragraph at lines 218--219
 [][] 
 []


LaTeX Warning: `h' float specifier changed to `ht'.


Underfull \vbox (badness 1975) has occurred while \output is active []

 [42 <./Figures/chap2/GISMarketplace.png>]
Package acronym Info: Label `acro:ppgis' newly defined as it shall be overridde
n
although it is yet undefined on input line 227.
Package acronym Info: Label `acro:pgis' newly defined as it shall be overridden

although it is yet undefined on input line 227.
Package acronym Info: Label `acro:pss' newly defined as it shall be overridden
although it is yet undefined on input line 227.
 [43 <./Figures/chap2/east2.jpg>] [44] [45]

Package hyperref Warning: Token not allowed in a PDF string (Unicode):
(hyperref)                removing `\hlc' on input line 253.

[46] [47] [48]
Overfull \hbox (44.7867pt too wide) in paragraph at lines 356--370
 [] 
 []


LaTeX Warning: `h' float specifier changed to `ht'.


Package hyperref Warning: Token not allowed in a PDF string (Unicode):
(hyperref)                removing `\hlc' on input line 374.

Package acronym Info: Label `acro:iso' newly defined as it shall be overridden
although it is yet undefined on input line 378.
Package acronym Info: Label `acro:iec' newly defined as it shall be overridden
although it is yet undefined on input line 378.
Package acronym Info: Label `acro:ieee' newly defined as it shall be overridden

although it is yet undefined on input line 378.
[49]
Package acronym Info: Label `acro:incose' newly defined as it shall be overridd
en
although it is yet undefined on input line 380.
Package acronym Info: Label `acro:sebok' newly defined as it shall be overridde
n
although it is yet undefined on input line 380.

Underfull \vbox (badness 6510) has occurred while \output is active []

 [50]
Underfull \vbox (badness 1874) has occurred while \output is active []

 [51]

Package hyperref Warning: Token not allowed in a PDF string (Unicode):
(hyperref)                removing `\hlc' on input line 410.


Package hyperref Warning: Token not allowed in a PDF string (Unicode):
(hyperref)                removing `\hlc' on input line 421.


Underfull \vbox (badness 4832) has occurred while \output is active []

 [52]
[53] [54]
Overfull \hbox (2.20743pt too wide) in paragraph at lines 440--441
[]\T1/cmr/m/n/12 The ideas of Mum-ford and Win-ner have be-come com-mon-place. 
Even self-admitted
 []


Package hyperref Warning: Token not allowed in a PDF string (Unicode):
(hyperref)                removing `\hlc' on input line 444.

[55]
<Figures/chap2/gis_equity.png, id=1604, 932.48375pt x 756.8275pt>
File: Figures/chap2/gis_equity.png Graphic file (type png)
<use Figures/chap2/gis_equity.png>
Package pdftex.def Info: Figures/chap2/gis_equity.png  used on input line 460.
(pdftex.def)             Requested size: 279.74728pt x 227.05pt.


LaTeX Warning: `h' float specifier changed to `ht'.

[56]
Underfull \vbox (badness 1107) has occurred while \output is active []

 [57 <./Figures/chap2/gis_equity.png>] [58]

Package hyperref Warning: Token not allowed in a PDF string (Unicode):
(hyperref)                removing `\hlc' on input line 492.


Overfull \hbox (0.31892pt too wide) in paragraph at lines 506--507
\T1/cmr/m/n/12 [[]]. The Plan-ners, mean-while, fash-ion them-selves into benev
-o-lent dic-ta-tors (though
 []

[59]
Overfull \hbox (2.03009pt too wide) in paragraph at lines 512--513
[]\T1/cmr/m/n/12 A "high-modernist ide-ol-ogy," which Scott de-fines as a "stro
ng," "muscle-bound"
 []

[60] [61] [62]
<Figures/chap2/civic_ladder.png, id=1737, 513.92pt x 461.725pt>
File: Figures/chap2/civic_ladder.png Graphic file (type png)
<use Figures/chap2/civic_ladder.png>
Package pdftex.def Info: Figures/chap2/civic_ladder.png  used on input line 548
.
(pdftex.def)             Requested size: 154.17719pt x 138.51857pt.


LaTeX Warning: `h' float specifier changed to `ht'.

[63]

Package hyperref Warning: Token not allowed in a PDF string (Unicode):
(hyperref)                removing `\hlc' on input line 580.

Package acronym Info: Label `acro:nycri' newly defined as it shall be overridde
n
although it is yet undefined on input line 582.
Package acronym Info: Label `acro:aiaa' newly defined as it shall be overridden

although it is yet undefined on input line 582.
Package acronym Info: Label `acro:usac' newly defined as it shall be overridden

although it is yet undefined on input line 582.
[64 <./Figures/chap2/civic_ladder.png>] [65] [66] [67]
<Figures/chap2/friedman_timeline.png, id=1829, 987.69pt x 554.07pt>
File: Figures/chap2/friedman_timeline.png Graphic file (type png)
<use Figures/chap2/friedman_timeline.png>
Package pdftex.def Info: Figures/chap2/friedman_timeline.png  used on input lin
e 609.
(pdftex.def)             Requested size: 641.9909pt x 360.14124pt.

Overfull \hbox (85.51434pt too wide) in paragraph at lines 609--610
 [][] 
 []

[68 <./Figures/chap2/friedman_timeline.png>]
Package acronym Info: Label `acro:mbse' newly defined as it shall be overridden

although it is yet undefined on input line 615.
Package acronym Info: Label `acro:sos' newly defined as it shall be overridden
although it is yet undefined on input line 615.
Package acronym Info: Label `acro:tdrss' newly defined as it shall be overridde
n
although it is yet undefined on input line 615.

Underfull \vbox (badness 1874) has occurred while \output is active []

 [69


]
Overfull \vbox (24.0pt too high) detected at line 632
 []


Overfull \vbox (66.03297pt too high) detected at line 634
 []


Overfull \hbox (85.23943pt too wide) in paragraph at lines 630--641
 [] 
 []


Underfull \vbox (badness 10000) has occurred while \output is active []

 [70]
Overfull \vbox (67.38806pt too high) has occurred while \output is active []


[71]
Underfull \vbox (badness 6332) has occurred while \output is active []

 [72]
Underfull \vbox (badness 1874) has occurred while \output is active []

 [73]
Package acronym Info: Label `acro:ssm' newly defined as it shall be overridden
although it is yet undefined on input line 665.

Underfull \vbox (badness 1874) has occurred while \output is active []

 [74]
Underfull \vbox (badness 6332) has occurred while \output is active []

 [75]
Package acronym Info: Label `acro:opm' newly defined as it shall be overridden
although it is yet undefined on input line 671.

[76]
*geometry* verbose mode - [ newgeometry ] result:
* driver: pdftex
* paper: <default>
* layout: <same size as paper>
* layoutoffset:(h,v)=(0.0pt,0.0pt)
* modes: twoside 
* h-part:(L,W,R)=(85.35826pt, 443.57848pt, 85.35826pt)
* v-part:(T,H,B)=(85.35826pt, 624.25346pt, 85.35826pt)
* \paperwidth=614.295pt
* \paperheight=794.96999pt
* \textwidth=443.57848pt
* \textheight=624.25346pt
* \oddsidemargin=13.08827pt
* \evensidemargin=13.08827pt
* \topmargin=-23.91173pt
* \headheight=12.0pt
* \headsep=25.0pt
* \topskip=12.0pt
* \footskip=30.0pt
* \marginparwidth=95.0pt
* \marginparsep=10.0pt
* \columnsep=10.0pt
* \skip\footins=10.8pt plus 4.0pt minus 2.0pt
* \hoffset=0.0pt
* \voffset=0.0pt
* \mag=1000
* \@twocolumnfalse
* \@twosidetrue
* \@mparswitchtrue
* \@reversemarginfalse
* (1in=72.27pt=25.4mm, 1cm=28.453pt)


Overfull \vbox (24.0pt too high) detected at line 690
 []


Overfull \vbox (25.58022pt too high) detected at line 694
 []

[77


] [78


]

Package hyperref Warning: Token not allowed in a PDF string (Unicode):
(hyperref)                removing `\hlc' on input line 734.

[79] [80]
<Figures/chap2/sustainable_triangle.png, id=2079, 1156.32pt x 578.16pt>
File: Figures/chap2/sustainable_triangle.png Graphic file (type png)
<use Figures/chap2/sustainable_triangle.png>
Package pdftex.def Info: Figures/chap2/sustainable_triangle.png  used on input 
line 771.
(pdftex.def)             Requested size: 404.71806pt x 202.35902pt.
 [81 <./Figures/chap2/sustainable_triangle.png>]

Package hyperref Warning: Token not allowed in a PDF string (Unicode):
(hyperref)                removing `\hlc' on input line 781.

<Figures/chap2/dresden_projections.png, id=2098, 664.4825pt x 484.81125pt>
File: Figures/chap2/dresden_projections.png Graphic file (type png)
<use Figures/chap2/dresden_projections.png>
Package pdftex.def Info: Figures/chap2/dresden_projections.png  used on input l
ine 796.
(pdftex.def)             Requested size: 232.57236pt x 169.68648pt.
[82 <./Figures/chap2/dresden_projections.png>] [83]
Package acronym Info: Label `acro:lunr' newly defined as it shall be overridden

although it is yet undefined on input line 820.
) [84]
\openout2 = `chap3.aux'.

 (./chap3.tex
Chapter 3.

Package hyperref Warning: Token not allowed in a PDF string (Unicode):
(hyperref)                removing `\hlc' on input line 1.

Package acronym Info: Label `acro:ilute' newly defined as it shall be overridde
n
although it is yet undefined on input line 11.
[85




]
Package acronym Info: Label `acro:ppbs' newly defined as it shall be overridden

although it is yet undefined on input line 25.


LaTeX Warning: `h' float specifier changed to `ht'.

[86]
Package acronym Info: Label `acro:lidar' newly defined as it shall be overridde
n
although it is yet undefined on input line 72.
Package acronym Info: Label `acro:dem' newly defined as it shall be overridden
although it is yet undefined on input line 77.
 [87]
Package acronym Info: Label `acro:cas' newly defined as it shall be overridden
although it is yet undefined on input line 94.


Package hyperref Warning: Token not allowed in a PDF string (Unicode):
(hyperref)                removing `\hlc' on input line 108.

[88]

Package hyperref Warning: Token not allowed in a PDF string (Unicode):
(hyperref)                removing `\hlc' on input line 122.

[89]
<Figures/chap3/SAF.png, id=2256, 511.9125pt x 371.3875pt>
File: Figures/chap3/SAF.png Graphic file (type png)
<use Figures/chap3/SAF.png>
Package pdftex.def Info: Figures/chap3/SAF.png  used on input line 128.
(pdftex.def)             Requested size: 387.00153pt x 280.76703pt.
 [90 <./Figures/chap3/SAF.png>]

Package hyperref Warning: Token not allowed in a PDF string (Unicode):
(hyperref)                removing `\hlc' on input line 147.


Package hyperref Warning: Token not allowed in a PDF string (Unicode):
(hyperref)                removing `\hlc' on input line 151.


LaTeX Warning: Reference `fig:flow' on page 91 undefined on input line 153.


Underfull \vbox (badness 3690) has occurred while \output is active []

 [91]
</home/jackreid/Documents/School/Research/Space_Enabled/Thesis/Figures/chap3/mo
delflow.png, id=2299, 1228.59pt x 676.5275pt>
File: /home/jackreid/Documents/School/Research/Space_Enabled/Thesis/Figures/cha
p3/modelflow.png Graphic file (type png)
<use /home/jackreid/Documents/School/Research/Space_Enabled/Thesis/Figures/chap
3/modelflow.png>
Package pdftex.def Info: /home/jackreid/Documents/School/Research/Space_Enabled
/Thesis/Figures/chap3/modelflow.png  used on input line 161.
(pdftex.def)             Requested size: 368.57985pt x 202.95981pt.


LaTeX Warning: `h' float specifier changed to `ht'.

[92] [93 </home/jackreid/Documents/School/Research/Space_Enabled/Thesis/Figures
/chap3/modelflow.png>]

Package hyperref Warning: Token not allowed in a PDF string (Unicode):
(hyperref)                removing `\hlc' on input line 179.


Package hyperref Warning: Token not allowed in a PDF string (Unicode):
(hyperref)                removing `\hlc' on input line 183.


Package natbib Warning: Citation `reidaInteractiveModelAssessing2020' on page 9
4 undefined on input line 185.


Package hyperref Warning: Token not allowed in a PDF string (Unicode):
(hyperref)                removing `\hlc' on input line 189.


Underfull \vbox (badness 1117) has occurred while \output is active []

 [94]
</home/jackreid/Documents/School/Research/Space_Enabled/Thesis/Figures/chap3/Gr
aphic_2_Development.png, id=2356, 1637.11626pt x 683.55376pt>
File: /home/jackreid/Documents/School/Research/Space_Enabled/Thesis/Figures/cha
p3/Graphic_2_Development.png Graphic file (type png)
<use /home/jackreid/Documents/School/Research/Space_Enabled/Thesis/Figures/chap
3/Graphic_2_Development.png>
Package pdftex.def Info: /home/jackreid/Documents/School/Research/Space_Enabled
/Thesis/Figures/chap3/Graphic_2_Development.png  used on input line 195.
(pdftex.def)             Requested size: 491.13867pt x 205.0677pt.

Overfull \hbox (61.13405pt too wide) in paragraph at lines 195--196
 [][] 
 []


LaTeX Warning: Reference `sec:cases' on page 95 undefined on input line 200.

[95 </home/jackreid/Documents/School/Research/Space_Enabled/Thesis/Figures/chap
3/Graphic_2_Development.png>] [96] [97] [98] [99]
</home/jackreid/Documents/School/Research/Space_Enabled/Thesis/Figures/chap3/Lo
ops_Combined.png, id=2441, 702.625pt x 985.6825pt>
File: /home/jackreid/Documents/School/Research/Space_Enabled/Thesis/Figures/cha
p3/Loops_Combined.png Graphic file (type png)
<use /home/jackreid/Documents/School/Research/Space_Enabled/Thesis/Figures/chap
3/Loops_Combined.png>
Package pdftex.def Info: /home/jackreid/Documents/School/Research/Space_Enabled
/Thesis/Figures/chap3/Loops_Combined.png  used on input line 244.
(pdftex.def)             Requested size: 421.57825pt x 591.41406pt.


LaTeX Warning: Float too large for page by 61.77026pt on input line 247.


LaTeX Warning: `h' float specifier changed to `ht'.

[100 </home/jackreid/Documents/School/Research/Space_Enabled/Thesis/Figures/cha
p3/Loops_Combined.png>]

Package hyperref Warning: Token not allowed in a PDF string (Unicode):
(hyperref)                removing `\hlc' on input line 250.


Overfull \hbox (8.17036pt too wide) in paragraph at lines 262--263
[]\T1/cmr/m/n/12 The clos-est at-tempt to what we are propos-ing here is prob-a
-bly that of Shahumyan
 []

Package acronym Info: Label `acro:osse' newly defined as it shall be overridden

although it is yet undefined on input line 265.
Package acronym Info: Label `acro:lis' newly defined as it shall be overridden
although it is yet undefined on input line 265.

Package acronym Warning: Acronym `lis' is not defined on input line 265.


Package acronym Warning: Acronym `lis' is not defined on input line 265.


Package acronym Warning: Acronym `lis' is not defined on input line 265.

[101


]

LaTeX Warning: Reference `sec:background' on page 102 undefined on input line 2
69.


Package hyperref Warning: Token not allowed in a PDF string (Unicode):
(hyperref)                removing `\hlc' on input line 275.


Package hyperref Warning: Token not allowed in a PDF string (Unicode):
(hyperref)                removing `\hlc' on input line 278.


Underfull \vbox (badness 10000) has occurred while \output is active []

 [102]
[103]
Overfull \hbox (4.33392pt too wide) in paragraph at lines 313--387
 [] 
 []


LaTeX Warning: `h' float specifier changed to `ht'.

) [104] [105]
\openout2 = `chap4.aux'.

 (./chap4.tex [106




]
Chapter 4.

Package hyperref Warning: Token not allowed in a PDF string (Unicode):
(hyperref)                removing `\hlc' on input line 1.


Package hyperref Warning: Token not allowed in a PDF string (Unicode):
(hyperref)                removing `\hlc' on input line 5.


Package hyperref Warning: Token not allowed in a PDF string (Unicode):
(hyperref)                removing `\hlc' on input line 7.


Package hyperref Warning: Token not allowed in a PDF string (Unicode):
(hyperref)                removing `\hlc' on input line 9.


Package hyperref Warning: Token not allowed in a PDF string (Unicode):
(hyperref)                removing `\hlc' on input line 11.

<Figures/chap4/Stakeholder_Map_v2.jpg, id=2553, 1085.05376pt x 875.27pt>
File: Figures/chap4/Stakeholder_Map_v2.jpg Graphic file (type jpg)
<use Figures/chap4/Stakeholder_Map_v2.jpg>
Package pdftex.def Info: Figures/chap4/Stakeholder_Map_v2.jpg  used on input li
ne 15.
(pdftex.def)             Requested size: 325.51863pt x 262.58302pt.

LaTeX Warning: `h' float specifier changed to `ht'.


Package hyperref Warning: Token not allowed in a PDF string (Unicode):
(hyperref)                removing `\hlc' on input line 20.


Package hyperref Warning: Token not allowed in a PDF string (Unicode):
(hyperref)                removing `\hlc' on input line 22.


Package hyperref Warning: Token not allowed in a PDF string (Unicode):
(hyperref)                removing `\hlc' on input line 25.


Package hyperref Warning: Token not allowed in a PDF string (Unicode):
(hyperref)                removing `\hlc' on input line 27.


Package hyperref Warning: Token not allowed in a PDF string (Unicode):
(hyperref)                removing `\hlc' on input line 29.


Package hyperref Warning: Token not allowed in a PDF string (Unicode):
(hyperref)                removing `\hlc' on input line 31.


Package hyperref Warning: Token not allowed in a PDF string (Unicode):
(hyperref)                removing `\hlc' on input line 33.


Package hyperref Warning: Token not allowed in a PDF string (Unicode):
(hyperref)                removing `\hlc' on input line 35.


Package hyperref Warning: Token not allowed in a PDF string (Unicode):
(hyperref)                removing `\hlc' on input line 37.


Package hyperref Warning: Token not allowed in a PDF string (Unicode):
(hyperref)                removing `\hlc' on input line 39.

)
Underfull \vbox (badness 10000) has occurred while \output is active []

 [107]
Overfull \vbox (340.20677pt too high) has occurred while \output is active []


[108 <./Figures/chap4/Stakeholder_Map_v2.jpg>]
\openout2 = `chap5.aux'.

 (./chap5.tex
Chapter 5.

Package hyperref Warning: Token not allowed in a PDF string (Unicode):
(hyperref)                removing `\hlc' on input line 1.


Package hyperref Warning: Token not allowed in a PDF string (Unicode):
(hyperref)                removing `\hlc' on input line 5.


Package hyperref Warning: Token not allowed in a PDF string (Unicode):
(hyperref)                removing `\hlc' on input line 7.


Package hyperref Warning: Token not allowed in a PDF string (Unicode):
(hyperref)                removing `\hlc' on input line 9.


Package hyperref Warning: Token not allowed in a PDF string (Unicode):
(hyperref)                removing `\hlc' on input line 11.


Package hyperref Warning: Token not allowed in a PDF string (Unicode):
(hyperref)                removing `\hlc' on input line 13.


Package hyperref Warning: Token not allowed in a PDF string (Unicode):
(hyperref)                removing `\hlc' on input line 15.


Package hyperref Warning: Token not allowed in a PDF string (Unicode):
(hyperref)                removing `\hlc' on input line 19.


Package hyperref Warning: Token not allowed in a PDF string (Unicode):
(hyperref)                removing `\hlc' on input line 22.


Package hyperref Warning: Token not allowed in a PDF string (Unicode):
(hyperref)                removing `\hlc' on input line 24.


Package hyperref Warning: Token not allowed in a PDF string (Unicode):
(hyperref)                removing `\hlc' on input line 27.


Package hyperref Warning: Token not allowed in a PDF string (Unicode):
(hyperref)                removing `\hlc' on input line 29.


Package hyperref Warning: Token not allowed in a PDF string (Unicode):
(hyperref)                removing `\hlc' on input line 31.


Package hyperref Warning: Token not allowed in a PDF string (Unicode):
(hyperref)                removing `\hlc' on input line 33.


Package hyperref Warning: Token not allowed in a PDF string (Unicode):
(hyperref)                removing `\hlc' on input line 35.


Package hyperref Warning: Token not allowed in a PDF string (Unicode):
(hyperref)                removing `\hlc' on input line 37.

)
Underfull \vbox (badness 10000) has occurred while \output is active []

 [109




]
Overfull \vbox (60.5391pt too high) has occurred while \output is active []


[110]
\openout2 = `chap6.aux'.

 (./chap6.tex
Chapter 6.

Package hyperref Warning: Token not allowed in a PDF string (Unicode):
(hyperref)                removing `\hlc' on input line 1.


Package hyperref Warning: Token not allowed in a PDF string (Unicode):
(hyperref)                removing `\hlc' on input line 5.


Package hyperref Warning: Token not allowed in a PDF string (Unicode):
(hyperref)                removing `\hlc' on input line 8.

) [111




]
\openout2 = `chap7.aux'.

 (./chap7.tex [112




]
Chapter 7.

Package hyperref Warning: Token not allowed in a PDF string (Unicode):
(hyperref)                removing `\hlc' on input line 1.


Package hyperref Warning: Token not allowed in a PDF string (Unicode):
(hyperref)                removing `\hlc' on input line 5.

) [113]
\openout2 = `appa.aux'.

 (./appa.tex [114




]
Appendix A.
[115] [116] [117] [118])
\openout2 = `biblio.aux'.

 (./biblio.tex (./main.bbl
Underfull \hbox (badness 10000) in paragraph at lines 29--34
[]\T1/cmr/m/n/12 Boyd Co-hen.  Top 10 Cli-mate Change Strat-egy Con-sul-tan-cie
s.
 []


Underfull \hbox (badness 10000) in paragraph at lines 29--34
\T1/cmr/m/n/12 https://www.triplepundit.com/story/2011/top-10-climate-change-st
rategy-
 []

[119





]
Underfull \hbox (badness 10000) in paragraph at lines 98--100
[]\T1/cmr/m/n/12 Definition of sus-tain-able | Dic-tio-nary.com.
 []


Underfull \hbox (badness 1112) in paragraph at lines 125--134
[]\T1/cmr/m/n/12 Johan Rock-strm, Will Stef-fen, Kevin Noone, sa Pers-son, F.
 Stu-art
 []

[120] [121]
Underfull \hbox (badness 10000) in paragraph at lines 252--255
[]\T1/cmr/m/n/12 Greg Shi-rah.  NASA's Earth Ob-serv-ing Fleet: March 2017.
 []

[122] [123]
Underfull \hbox (badness 10000) in paragraph at lines 361--365
[]\T1/cmr/m/n/12 NASA Jet Propul-sion Lab-o-ra-tory.  Satel-lite Radar De-
 []


Underfull \hbox (badness 10000) in paragraph at lines 361--365
\T1/cmr/m/n/12 tects Dam-age from Sept. 19, 2017 Ra-boso, Mex-ico, Quake.
 []


Underfull \hbox (badness 4479) in paragraph at lines 367--373
[]\T1/cmr/m/n/12 NASA Jet Propul-sion Lab-o-ra-tory.  Satel-lite Data of Puerto
 Rico
 []


Underfull \hbox (badness 10000) in paragraph at lines 367--373
\T1/cmr/m/n/12 Iden-ti-fies Pos-si-ble Dam-age Ar-eas ^^U NASA Dis-as-ter Re-sp
onse.
 []


Underfull \hbox (badness 10000) in paragraph at lines 367--373
\T1/cmr/m/n/12 https://blogs.nasa.gov/disaster-response/2017/09/27/satellite-da
ta-of-puerto-
 []

[124] [125] [126] [127] [128]
Underfull \hbox (badness 1360) in paragraph at lines 695--701
[]\T1/cmr/m/n/12 Arpit Verma.  Ubuntu Linux is the Most Pop-u-lar Op-er-at-ing 
Sys-tem
 []

[129]
Underfull \hbox (badness 1412) in paragraph at lines 787--791
[]\T1/cmr/m/n/12 Systems En-gi-neer-ing Body of Knowl-edge.  Sys-tems En-gi-nee
r-ing (glos-
 []


Underfull \hbox (badness 3396) in paragraph at lines 787--791
\T1/cmr/m/n/12 sary).  https://www.sebokwiki.org/wiki/Systems_Engineering_(glos
sary),
 []

[130]
Underfull \hbox (badness 4556) in paragraph at lines 811--817
[]\T1/cmr/m/n/12 O. Weck.  MULTI-STAKEHOLDER SIM-U-LA-TION AND GAM-ING
 []


Underfull \hbox (badness 10000) in paragraph at lines 811--817
\T1/cmr/m/n/12 EN-VI-RON-MENT FOR A FU-TURE RE-SOURCE ECON-OMY IN
 []

[131]
Underfull \hbox (badness 10000) in paragraph at lines 898--903
\T1/cmr/m/n/12 https://www.project-syndicate.org/commentary/five-reasons-for-op
timism-in-
 []

[132] [133] [134] [135] [136] [137] [138] [139] [140] [141] [142]
Underfull \hbox (badness 10000) in paragraph at lines 1697--1700
[]\T1/cmr/m/n/12 Bottlenecks Block-ing Widespread Us-age of Plan-ning Sup-port
 []


Underfull \hbox (badness 10000) in paragraph at lines 1697--1700
\T1/cmr/m/n/12 Sys-tems - Guido Vonk, Stan Geert-man, Paul Schot, 2005.
 []

[143] [144] [145] [146]
Underfull \hbox (badness 1199) in paragraph at lines 1931--1935
[]\T1/cmr/m/n/12 Melissa Gar-ber, Shahram Sarkani, and Thomas A. Maz-zuchi.  Mu
lti-
 []

)) [147]

Package natbib Warning: There were undefined citations.

(./main.aux (./cover.aux) (./contents.aux) (./chap1.aux) (./chap2.aux)
(./chap3.aux) (./chap4.aux) (./chap5.aux) (./chap6.aux) (./chap7.aux)
(./appa.aux) (./biblio.aux))

LaTeX Warning: There were undefined references.

Package rerunfilecheck Info: File `main.out' has not changed.
(rerunfilecheck)             Checksum: CAFFF6AB752D599D065F557F69CAC6DF;14555.
 )
(\end occurred when \ifx on line 95 was incomplete) 
Here is how much of TeX's memory you used:
 15446 strings out of 480129
 272729 string characters out of 5893409
 580070 words of memory out of 5000000
 32243 multiletter control sequences out of 15000+600000
 485149 words of font info for 56 fonts, out of 8000000 for 9000
 81 hyphenation exceptions out of 8191
 70i,15n,76p,2828b,1785s stack positions out of 5000i,500n,10000p,200000b,80000s
 </home/jackreid/.texlive202
1/texmf-var/fonts/pk/ljfour/jknappen/ec/ecbx1000.600pk> </home/jackreid/.texliv
e2021/texmf-var/fonts/pk/ljfour/jknappen/ec/tcrm1200.600pk> </home/jackreid/.te
xlive2021/texmf-var/fonts/pk/ljfour/jknappen/ec/ectt1000.600pk> </home/jackreid
/.texlive2021/texmf-var/fonts/pk/ljfour/jknappen/ec/ecrm0600.600pk> </home/jack
reid/.texlive2021/texmf-var/fonts/pk/ljfour/jknappen/ec/ecti1200.600pk> </home/
jackreid/.texlive2021/texmf-var/fonts/pk/ljfour/jknappen/ec/ecbx1200.600pk> </h
ome/jackreid/.texlive2021/texmf-var/fonts/pk/ljfour/jknappen/ec/ecbx2488.600pk>
 </home/jackreid/.texlive2021/texmf-var/fonts/pk/ljfour/jknappen/ec/ecrm0700.60
0pk> </home/jackreid/.texlive2021/texmf-var/fonts/pk/ljfour/jknappen/ec/ecrm080
0.600pk> </home/jackreid/.texlive2021/texmf-var/fonts/pk/ljfour/jknappen/ec/ecr
m1000.600pk> </home/jackreid/.texlive2021/texmf-var/fonts/pk/ljfour/jknappen/ec
/ecbi1200.600pk> </home/jackreid/.texlive2021/texmf-var/fonts/pk/ljfour/jknappe
n/ec/ecbx1440.600pk> </home/jackreid/.texlive2021/texmf-var/fonts/pk/ljfour/jkn
appen/ec/ecrm1200.600pk> </home/jackreid/.texlive2021/texmf-var/fonts/pk/ljfour
/jknappen/ec/tcrm1440.600pk> </home/jackreid/.texlive2021/texmf-var/fonts/pk/lj
four/jknappen/ec/ecrm1728.600pk> </home/jackreid/.texlive2021/texmf-var/fonts/p
k/ljfour/jknappen/ec/ecrm1440.600pk> </home/jackreid/.texlive2021/texmf-var/fon
ts/pk/ljfour/jknappen/ec/ecbx1728.600pk>
Output written on main.pdf (147 pages, 2440714 bytes).
PDF statistics:
 3711 PDF objects out of 4296 (max. 8388607)
 2803 compressed objects within 29 object streams
 804 named destinations out of 1000 (max. 500000)
 690 words of extra memory for PDF output out of 10000 (max. 10000000)

