This is pdfTeX, Version 3.14159265-2.6-1.40.21 (TeX Live 2020/Debian) (preloaded format=pdflatex 2021.6.10)  19 JUN 2021 13:18
entering extended mode
 restricted \write18 enabled.
 %&-line parsing enabled.
**propcover.tex
(./propcover.tex
LaTeX2e <2020-10-01> patch level 4
L3 programming layer <2021-01-09> xparse <2020-03-03>
(/usr/share/texlive/texmf-dist/tex/latex/base/article.cls
Document Class: article 2020/04/10 v1.4m Standard LaTeX document class
(/usr/share/texlive/texmf-dist/tex/latex/base/size10.clo
File: size10.clo 2020/04/10 v1.4m Standard LaTeX file (size option)
)
\c@part=\count177
\c@section=\count178
\c@subsection=\count179
\c@subsubsection=\count180
\c@paragraph=\count181
\c@subparagraph=\count182
\c@figure=\count183
\c@table=\count184
\abovecaptionskip=\skip47
\belowcaptionskip=\skip48
\bibindent=\dimen138
)
(/usr/share/texlive/texmf-dist/tex/latex/l3backend/l3backend-pdftex.def
File: l3backend-pdftex.def 2020-01-29 L3 backend support: PDF output (pdfTeX)
\l__color_backend_stack_int=\count185
\l__pdf_internal_box=\box47
)
(./propcover.aux)
\openout1 = `propcover.aux'.

LaTeX Font Info:    Checking defaults for OML/cmm/m/it on input line 5.
LaTeX Font Info:    ... okay on input line 5.
LaTeX Font Info:    Checking defaults for OMS/cmsy/m/n on input line 5.
LaTeX Font Info:    ... okay on input line 5.
LaTeX Font Info:    Checking defaults for OT1/cmr/m/n on input line 5.
LaTeX Font Info:    ... okay on input line 5.
LaTeX Font Info:    Checking defaults for T1/cmr/m/n on input line 5.
LaTeX Font Info:    ... okay on input line 5.
LaTeX Font Info:    Checking defaults for TS1/cmr/m/n on input line 5.
LaTeX Font Info:    ... okay on input line 5.
LaTeX Font Info:    Checking defaults for OMX/cmex/m/n on input line 5.
LaTeX Font Info:    ... okay on input line 5.
LaTeX Font Info:    Checking defaults for U/cmr/m/n on input line 5.
LaTeX Font Info:    ... okay on input line 5.
LaTeX Font Info:    External font `cmex10' loaded for size
(Font)              <7> on input line 68.
LaTeX Font Info:    External font `cmex10' loaded for size
(Font)              <5> on input line 68.

Overfull \hbox (108.77875pt too wide) in paragraph at lines 68--79
[][] 
 []

[1

{/var/lib/texmf/fonts/map/pdftex/updmap/pdftex.map}]
Overfull \hbox (109.02287pt too wide) in paragraph at lines 130--137
[][] 
 []


Overfull \hbox (118.68752pt too wide) in paragraph at lines 140--150
[] 
 []

[2]
Overfull \hbox (61.03822pt too wide) in paragraph at lines 188--195
[][] 
 []


Overfull \hbox (118.68752pt too wide) in paragraph at lines 198--208
[] 
 []

[3]
Overfull \hbox (107.92288pt too wide) in paragraph at lines 248--255
[][] 
 []


Overfull \hbox (118.68752pt too wide) in paragraph at lines 258--268
[] 
 []

[4]
Overfull \hbox (109.02287pt too wide) in paragraph at lines 307--314
[][] 
 []


Overfull \hbox (118.68752pt too wide) in paragraph at lines 317--327
[] 
 []

[5] (./propcover.aux) ) 
Here is how much of TeX's memory you used:
 440 strings out of 481134
 7899 string characters out of 5913146
 280885 words of memory out of 5000000
 17473 multiletter control sequences out of 15000+600000
 405244 words of font info for 33 fonts, out of 8000000 for 9000
 81 hyphenation exceptions out of 8191
 44i,8n,50p,488b,163s stack positions out of 5000i,500n,10000p,200000b,80000s
</usr/share/texlive/texmf-dist/fonts/type1/public/amsfon
ts/cm/cmbx10.pfb></usr/share/texlive/texmf-dist/fonts/type1/public/amsfonts/cm/
cmbx12.pfb></usr/share/texlive/texmf-dist/fonts/type1/public/amsfonts/cm/cmcsc1
0.pfb></usr/share/texlive/texmf-dist/fonts/type1/public/amsfonts/cm/cmr10.pfb>
Output written on propcover.pdf (5 pages, 66384 bytes).
PDF statistics:
 36 PDF objects out of 1000 (max. 8388607)
 24 compressed objects within 1 object stream
 0 named destinations out of 1000 (max. 500000)
 1 words of extra memory for PDF output out of 10000 (max. 10000000)

